<?xml version="1.0" encoding="UTF-8"?>
<testng-results ignored="0" total="3" passed="3" failed="0" skipped="0">
  <reporter-output>
  </reporter-output>
  <suite started-at="2025-06-26T15:09:10 IST" name="CrossBrowserSuite" finished-at="2025-06-26T15:09:23 IST" duration-ms="12890">
    <groups>
    </groups>
    <test started-at="2025-06-26T15:09:10 IST" name="ChromeTest" finished-at="2025-06-26T15:09:21 IST" duration-ms="11067">
      <class name="DevOpsAutomation.CrossBrowser_DockerTest">
        <test-method signature="browserTest(java.lang.String)[pri:0, instance:DevOpsAutomation.CrossBrowser_DockerTest@7e07db1f]" started-at="2025-06-26T15:09:10 IST" name="browserTest" finished-at="2025-06-26T15:09:21 IST" duration-ms="11026" status="PASS">
          <params>
            <param index="0">
              <value>
                <![CDATA[chrome]]>
              </value>
            </param>
          </params>
          <reporter-output>
          </reporter-output>
        </test-method> <!-- browserTest -->
      </class> <!-- DevOpsAutomation.CrossBrowser_DockerTest -->
    </test> <!-- ChromeTest -->
    <test started-at="2025-06-26T15:09:10 IST" name="FirefoxTest" finished-at="2025-06-26T15:09:22 IST" duration-ms="12112">
      <class name="DevOpsAutomation.CrossBrowser_DockerTest">
        <test-method signature="browserTest(java.lang.String)[pri:0, instance:DevOpsAutomation.CrossBrowser_DockerTest@30c15d8b]" started-at="2025-06-26T15:09:10 IST" name="browserTest" finished-at="2025-06-26T15:09:22 IST" duration-ms="12076" status="PASS">
          <params>
            <param index="0">
              <value>
                <![CDATA[firefox]]>
              </value>
            </param>
          </params>
          <reporter-output>
          </reporter-output>
        </test-method> <!-- browserTest -->
      </class> <!-- DevOpsAutomation.CrossBrowser_DockerTest -->
    </test> <!-- FirefoxTest -->
    <test started-at="2025-06-26T15:09:10 IST" name="EdgeTest" finished-at="2025-06-26T15:09:23 IST" duration-ms="12890">
      <class name="DevOpsAutomation.CrossBrowser_DockerTest">
        <test-method signature="browserTest(java.lang.String)[pri:0, instance:DevOpsAutomation.CrossBrowser_DockerTest@6771beb3]" started-at="2025-06-26T15:09:10 IST" name="browserTest" finished-at="2025-06-26T15:09:23 IST" duration-ms="12854" status="PASS">
          <params>
            <param index="0">
              <value>
                <![CDATA[edge]]>
              </value>
            </param>
          </params>
          <reporter-output>
          </reporter-output>
        </test-method> <!-- browserTest -->
      </class> <!-- DevOpsAutomation.CrossBrowser_DockerTest -->
    </test> <!-- EdgeTest -->
  </suite> <!-- CrossBrowserSuite -->
</testng-results>
